FarmSeller/farmSeller/build/outputs/logs/manifest-merger-debug-report.txt
-- Merging decision tree log ---
manifest
ADDED from src\main\AndroidManifest.xml:2:1-256:12
	package
		ADDED from src\main\AndroidManifest.xml:4:5-34
		INJECTED from src\main\AndroidManifest.xml
		INJECTED from src\main\AndroidManifest.xml
	android:versionName
		ADDED from src\main\AndroidManifest.xml:7:5-30
		INJECTED from src\main\AndroidManifest.xml
		INJECTED from src\main\AndroidManifest.xml
	xmlns:tools
		ADDED from src\main\AndroidManifest.xml:3:5-51
	android:versionCode
		ADDED from src\main\AndroidManifest.xml:6:5-28
		INJECTED from src\main\AndroidManifest.xml
		INJECTED from src\main\AndroidManifest.xml
	xmlns:android
		ADDED from src\main\AndroidManifest.xml:2:11-69
	android:installLocation
		ADDED from src\main\AndroidManifest.xml:5:5-35
uses-sdk
ADDED from src\main\AndroidManifest.xml:9:5-11:41
MERGED from [FarmSeller:zXingDemo:unspecified] AndroidManifest.xml:7:5-9:40
MERGED from [FarmSeller:hellocharts-samples:unspecified] AndroidManifest.xml:7:5-9:41
MERGED from [FarmSeller:hellocharts-library:unspecified] AndroidManifest.xml:7:5-9:41
MERGED from [com.android.support:appcompat-v7:19.1.0] AndroidManifest.xml:18:5-42
MERGED from [FarmSeller:appUpdateDemo:unspecified] AndroidManifest.xml:7:5-9:41
	android:targetSdkVersion
		ADDED from src\main\AndroidManifest.xml:11:9-38
		INJECTED from src\main\AndroidManifest.xml
		INJECTED from src\main\AndroidManifest.xml
	android:minSdkVersion
		ADDED from src\main\AndroidManifest.xml:10:9-35
		INJECTED from src\main\AndroidManifest.xml
		INJECTED from src\main\AndroidManifest.xml
uses-permission#android.permission.VIBRATE
ADDED from src\main\AndroidManifest.xml:13:5-66
MERGED from [FarmSeller:zXingDemo:unspecified] AndroidManifest.xml:17:5-66
MERGED from [FarmSeller:appUpdateDemo:unspecified] AndroidManifest.xml:12:5-66
MERGED from [FarmSeller:appUpdateDemo:unspecified] AndroidManifest.xml:23:5-24:23
	android:name
		ADDED from src\main\AndroidManifest.xml:13:22-63
uses-permission#android.permission.BROADCAST_PACKAGE_ADDED
ADDED from src\main\AndroidManifest.xml:16:5-82
	android:name
		ADDED from src\main\AndroidManifest.xml:16:22-79
uses-permission#android.permission.BROADCAST_PACKAGE_CHANGED
ADDED from src\main\AndroidManifest.xml:17:5-84
	android:name
		ADDED from src\main\AndroidManifest.xml:17:22-81
uses-permission#android.permission.BROADCAST_PACKAGE_INSTALL
ADDED from src\main\AndroidManifest.xml:18:5-84
	android:name
		ADDED from src\main\AndroidManifest.xml:18:22-81
uses-permission#android.permission.BROADCAST_PACKAGE_REPLACED
ADDED from src\main\AndroidManifest.xml:19:5-85
	android:name
		ADDED from src\main\AndroidManifest.xml:19:22-82
uses-permission#android.permission.READ_EXTERNAL_STORAGE
ADDED from src\main\AndroidManifest.xml:20:5-80
	android:name
		ADDED from src\main\AndroidManifest.xml:20:22-77
uses-permission#android.permission.RESTART_PACKAGES
ADDED from src\main\AndroidManifest.xml:21:5-75
MERGED from [FarmSeller:appUpdateDemo:unspecified] AndroidManifest.xml:11:5-75
MERGED from [FarmSeller:appUpdateDemo:unspecified] AndroidManifest.xml:18:5-75
	android:name
		ADDED from src\main\AndroidManifest.xml:21:22-72
uses-permission#android.permission.GET_ACCOUNTS
ADDED from src\main\AndroidManifest.xml:22:5-71
	android:name
		ADDED from src\main\AndroidManifest.xml:22:22-68
uses-permission#android.permission.CALL_PHONE
ADDED from src\main\AndroidManifest.xml:24:5-69
	android:name
		ADDED from src\main\AndroidManifest.xml:24:22-66
uses-permission#android.permission.WRITE_EXTERNAL_STORAGE
ADDED from src\main\AndroidManifest.xml:25:5-81
MERGED from [FarmSeller:zXingDemo:unspecified] AndroidManifest.xml:12:5-81
MERGED from [FarmSeller:appUpdateDemo:unspecified] AndroidManifest.xml:17:5-81
	android:name
		ADDED from src\main\AndroidManifest.xml:25:22-78
uses-permission#com.android.launcher.permission.READ_SETTINGS
ADDED from src\main\AndroidManifest.xml:26:5-85
	android:name
		ADDED from src\main\AndroidManifest.xml:26:22-82
uses-permission#android.permission.WAKE_LOCK
ADDED from src\main\AndroidManifest.xml:28:5-84
	android:name
		ADDED from src\main\AndroidManifest.xml:28:22-65
uses-permission#android.permission.GET_TASKS
ADDED from src\main\AndroidManifest.xml:30:5-68
MERGED from [FarmSeller:appUpdateDemo:unspecified] AndroidManifest.xml:13:5-68
MERGED from [FarmSeller:appUpdateDemo:unspecified] AndroidManifest.xml:21:5-22:23
	android:name
		ADDED from src\main\AndroidManifest.xml:30:22-65
uses-permission#android.permission.ACCESS_COARSE_LOCATION
ADDED from src\main\AndroidManifest.xml:32:5-97
	android:name
		ADDED from src\main\AndroidManifest.xml:32:22-78
uses-permission#android.permission.ACCESS_FINE_LOCATION
ADDED from src\main\AndroidManifest.xml:34:5-95
	android:name
		ADDED from src\main\AndroidManifest.xml:34:22-76
uses-permission#android.permission.ACCESS_WIFI_STATE
ADDED from src\main\AndroidManifest.xml:36:5-92
	android:name
		ADDED from src\main\AndroidManifest.xml:36:22-73
uses-permission#android.permission.ACCESS_NETWORK_STATE
ADDED from src\main\AndroidManifest.xml:38:5-95
	android:name
		ADDED from src\main\AndroidManifest.xml:38:22-76
uses-permission#android.permission.CHANGE_WIFI_STATE
ADDED from src\main\AndroidManifest.xml:40:5-92
	android:name
		ADDED from src\main\AndroidManifest.xml:40:22-73
uses-permission#android.permission.READ_PHONE_STATE
ADDED from src\main\AndroidManifest.xml:42:5-91
	android:name
		ADDED from src\main\AndroidManifest.xml:42:22-72
uses-permission#android.permission.CHANGE_NETWORK_STATE
ADDED from src\main\AndroidManifest.xml:44:5-79
	android:name
		ADDED from src\main\AndroidManifest.xml:44:22-76
uses-permission#android.permission.RECEIVE_BOOT_COMPLETED
ADDED from src\main\AndroidManifest.xml:46:5-81
	android:name
		ADDED from src\main\AndroidManifest.xml:46:22-78
uses-feature#android.hardware.camera
ADDED from src\main\AndroidManifest.xml:48:5-60
MERGED from [FarmSeller:zXingDemo:unspecified] AndroidManifest.xml:14:5-60
	android:name
		ADDED from src\main\AndroidManifest.xml:48:19-57
uses-feature#android.hardware.camera.autofocus
ADDED from src\main\AndroidManifest.xml:49:5-70
MERGED from [FarmSeller:zXingDemo:unspecified] AndroidManifest.xml:15:5-70
	android:name
		ADDED from src\main\AndroidManifest.xml:49:19-67
uses-permission#android.permission.BROADCAST_STICKY
ADDED from src\main\AndroidManifest.xml:52:5-75
	android:name
		ADDED from src\main\AndroidManifest.xml:52:22-72
uses-permission#android.permission.GET_PACKAGE_SIZE
ADDED from src\main\AndroidManifest.xml:54:5-75
	android:name
		ADDED from src\main\AndroidManifest.xml:54:22-72
uses-permission#android.permission.RECORD_AUDIO
ADDED from src\main\AndroidManifest.xml:55:5-71
	android:name
		ADDED from src\main\AndroidManifest.xml:55:22-68
uses-permission#android.permission.CAMERA
ADDED from src\main\AndroidManifest.xml:56:5-65
MERGED from [FarmSeller:zXingDemo:unspecified] AndroidManifest.xml:11:5-65
	android:name
		ADDED from src\main\AndroidManifest.xml:56:22-62
uses-permission#android.permission.MODIFY_AUDIO_SETTINGS
ADDED from src\main\AndroidManifest.xml:57:5-80
	android:name
		ADDED from src\main\AndroidManifest.xml:57:22-77
uses-permission#android.permission.WRITE_SETTINGS
ADDED from src\main\AndroidManifest.xml:58:5-73
	android:name
		ADDED from src\main\AndroidManifest.xml:58:22-70
uses-permission#android.permission.MOUNT_UNMOUNT_FILESYSTEMS
ADDED from src\main\AndroidManifest.xml:59:5-84
MERGED from [FarmSeller:appUpdateDemo:unspecified] AndroidManifest.xml:16:5-84
	android:name
		ADDED from src\main\AndroidManifest.xml:59:22-81
uses-permission#android.permission.INTERNET
ADDED from src\main\AndroidManifest.xml:61:5-67
MERGED from [FarmSeller:appUpdateDemo:unspecified] AndroidManifest.xml:15:5-67
MERGED from [FarmSeller:appUpdateDemo:unspecified] AndroidManifest.xml:25:5-26:23
	android:name
		ADDED from src\main\AndroidManifest.xml:61:22-64
uses-permission#android.permission.BAIDU_LOCATION_SERVICE
ADDED from src\main\AndroidManifest.xml:62:5-81
	android:name
		ADDED from src\main\AndroidManifest.xml:62:22-78
uses-permission#android.permission.ACCES_MOCK_LOCATION
ADDED from src\main\AndroidManifest.xml:63:5-78
	android:name
		ADDED from src\main\AndroidManifest.xml:63:22-75
uses-permission#android.permission.ACCESS_GPS
ADDED from src\main\AndroidManifest.xml:64:5-69
	android:name
		ADDED from src\main\AndroidManifest.xml:64:22-66
uses-permission#android.permission.PROCESS_OUTGOING_CALLS
ADDED from src\main\AndroidManifest.xml:66:5-81
	android:name
		ADDED from src\main\AndroidManifest.xml:66:22-78
supports-screens
ADDED from src\main\AndroidManifest.xml:68:5-73:39
	android:largeScreens
		ADDED from src\main\AndroidManifest.xml:70:9-36
	android:smallScreens
		ADDED from src\main\AndroidManifest.xml:73:9-36
	android:normalScreens
		ADDED from src\main\AndroidManifest.xml:71:9-38
	android:resizeable
		ADDED from src\main\AndroidManifest.xml:72:9-34
	android:anyDensity
		ADDED from src\main\AndroidManifest.xml:69:9-34
application
ADDED from src\main\AndroidManifest.xml:75:5-254:19
MERGED from [FarmSeller:zXingDemo:unspecified] AndroidManifest.xml:20:5-30:19
MERGED from [FarmSeller:hellocharts-samples:unspecified] AndroidManifest.xml:11:5-72:19
MERGED from [com.android.support:appcompat-v7:19.1.0] AndroidManifest.xml:19:5-20
MERGED from [FarmSeller:appUpdateDemo:unspecified] AndroidManifest.xml:28:5-36:19
	android:screenOrientation
		ADDED from src\main\AndroidManifest.xml:81:9-45
	android:label
		ADDED from src\main\AndroidManifest.xml:80:9-41
		REJECTED from [FarmSeller:zXingDemo:unspecified] AndroidManifest.xml:22:9-41
		REJECTED from [FarmSeller:hellocharts-samples:unspecified] AndroidManifest.xml:14:9-41
		REJECTED from [FarmSeller:appUpdateDemo:unspecified] AndroidManifest.xml:31:9-41
	android:configChanges
		ADDED from src\main\AndroidManifest.xml:78:9-44
	android:allowBackup
		ADDED from src\main\AndroidManifest.xml:77:9-35
	android:icon
		ADDED from src\main\AndroidManifest.xml:79:9-44
		REJECTED from [FarmSeller:zXingDemo:unspecified] AndroidManifest.xml:21:9-38
		REJECTED from [FarmSeller:hellocharts-samples:unspecified] AndroidManifest.xml:13:9-43
		REJECTED from [FarmSeller:appUpdateDemo:unspecified] AndroidManifest.xml:30:9-45
	android:theme
		ADDED from src\main\AndroidManifest.xml:82:9-46
		REJECTED from [FarmSeller:hellocharts-samples:unspecified] AndroidManifest.xml:15:9-40
	tools:replace
		ADDED from src\main\AndroidManifest.xml:83:9-41
	android:name
		ADDED from src\main\AndroidManifest.xml:76:9-37
activity#com.aotuo.vegetable.act.GuideActivity
ADDED from src\main\AndroidManifest.xml:84:9-94:20
	android:screenOrientation
		ADDED from src\main\AndroidManifest.xml:88:13-49
	android:label
		ADDED from src\main\AndroidManifest.xml:87:13-45
	android:exported
		ADDED from src\main\AndroidManifest.xml:86:13-36
	android:name
		ADDED from src\main\AndroidManifest.xml:85:13-46
intent-filter#android.intent.action.MAIN+android.intent.category.LAUNCHER
ADDED from src\main\AndroidManifest.xml:89:13-93:29
action#android.intent.action.MAIN
ADDED from src\main\AndroidManifest.xml:90:17-69
	android:name
		ADDED from src\main\AndroidManifest.xml:90:25-66
category#android.intent.category.LAUNCHER
ADDED from src\main\AndroidManifest.xml:92:17-77
	android:name
		ADDED from src\main\AndroidManifest.xml:92:27-74
activity#com.aotuo.vegetable.act.MarketNewsCenterActivity
ADDED from src\main\AndroidManifest.xml:97:9-100:84
	android:screenOrientation
		ADDED from src\main\AndroidManifest.xml:99:13-49
	android:windowSoftInputMode
		ADDED from src\main\AndroidManifest.xml:100:13-72
	android:name
		ADDED from src\main\AndroidManifest.xml:98:13-76
activity#com.aotuo.vegetable.act.SMSSetActivity
ADDED from src\main\AndroidManifest.xml:101:9-104:84
	android:screenOrientation
		ADDED from src\main\AndroidManifest.xml:103:13-49
	android:windowSoftInputMode
		ADDED from src\main\AndroidManifest.xml:104:13-72
	android:name
		ADDED from src\main\AndroidManifest.xml:102:13-66
activity#com.aotuo.vegetable.act.BuyGoodsActivity
ADDED from src\main\AndroidManifest.xml:105:9-108:84
	android:screenOrientation
		ADDED from src\main\AndroidManifest.xml:107:13-49
	android:windowSoftInputMode
		ADDED from src\main\AndroidManifest.xml:108:13-72
	android:name
		ADDED from src\main\AndroidManifest.xml:106:13-68
activity#com.aotuo.vegetable.act.LocalSellActivity
ADDED from src\main\AndroidManifest.xml:109:9-112:61
	android:screenOrientation
		ADDED from src\main\AndroidManifest.xml:112:13-49
	android:windowSoftInputMode
		ADDED from src\main\AndroidManifest.xml:111:13-72
	android:name
		ADDED from src\main\AndroidManifest.xml:110:13-69
activity#com.aotuo.vegetable.act.NolocalActivity
ADDED from src\main\AndroidManifest.xml:113:9-115:61
	android:screenOrientation
		ADDED from src\main\AndroidManifest.xml:115:13-49
	android:name
		ADDED from src\main\AndroidManifest.xml:114:13-67
activity#com.aotuo.vegetable.act.LocalBuyActivity
ADDED from src\main\AndroidManifest.xml:116:9-119:61
	android:screenOrientation
		ADDED from src\main\AndroidManifest.xml:119:13-49
	android:windowSoftInputMode
		ADDED from src\main\AndroidManifest.xml:118:13-72
	android:name
		ADDED from src\main\AndroidManifest.xml:117:13-68
activity#com.aotuo.vegetable.act.CityMarketActivity
ADDED from src\main\AndroidManifest.xml:121:9-123:61
	android:screenOrientation
		ADDED from src\main\AndroidManifest.xml:123:13-49
	android:name
		ADDED from src\main\AndroidManifest.xml:122:13-70
activity#com.aotuo.vegetable.act.MarketActivity
ADDED from src\main\AndroidManifest.xml:125:9-127:61
	android:screenOrientation
		ADDED from src\main\AndroidManifest.xml:127:13-49
	android:name
		ADDED from src\main\AndroidManifest.xml:126:13-66
activity#com.aotuo.vegetable.act.BoothActivity
ADDED from src\main\AndroidManifest.xml:129:9-131:61
	android:screenOrientation
		ADDED from src\main\AndroidManifest.xml:131:13-49
	android:name
		ADDED from src\main\AndroidManifest.xml:130:13-65
activity#com.aotuo.vegetable.act.AreaActivity
ADDED from src\main\AndroidManifest.xml:132:9-134:61
	android:screenOrientation
		ADDED from src\main\AndroidManifest.xml:134:13-49
	android:name
		ADDED from src\main\AndroidManifest.xml:133:13-64
activity#com.aotuo.vegetable.act.BuyGoodsList
ADDED from src\main\AndroidManifest.xml:135:9-137:61
	android:screenOrientation
		ADDED from src\main\AndroidManifest.xml:137:13-49
	android:name
		ADDED from src\main\AndroidManifest.xml:136:13-64
activity#com.aotuo.vegetable.act.SecurityActivity
ADDED from src\main\AndroidManifest.xml:138:9-140:61
	android:screenOrientation
		ADDED from src\main\AndroidManifest.xml:140:13-49
	android:name
		ADDED from src\main\AndroidManifest.xml:139:13-68
activity#com.aotuo.vegetable.act.ClassicActivity
ADDED from src\main\AndroidManifest.xml:141:9-143:61
	android:screenOrientation
		ADDED from src\main\AndroidManifest.xml:143:13-49
	android:name
		ADDED from src\main\AndroidManifest.xml:142:13-67
activity#com.aotuo.vegetable.act.MyAccount
ADDED from src\main\AndroidManifest.xml:144:9-146:61
	android:screenOrientation
		ADDED from src\main\AndroidManifest.xml:146:13-49
	android:name
		ADDED from src\main\AndroidManifest.xml:145:13-61
activity#com.aotuo.vegetable.act.CustomerInterlligence
ADDED from src\main\AndroidManifest.xml:147:9-149:61
	android:screenOrientation
		ADDED from src\main\AndroidManifest.xml:149:13-49
	android:name
		ADDED from src\main\AndroidManifest.xml:148:13-73
activity#com.aotuo.vegetable.act.LoginActivity
ADDED from src\main\AndroidManifest.xml:150:9-153:61
	android:screenOrientation
		ADDED from src\main\AndroidManifest.xml:153:13-49
	android:launchMode
		ADDED from src\main\AndroidManifest.xml:152:13-43
	android:name
		ADDED from src\main\AndroidManifest.xml:151:13-65
activity#com.aotuo.vegetable.act.MyRecord
ADDED from src\main\AndroidManifest.xml:155:9-158:84
	android:screenOrientation
		ADDED from src\main\AndroidManifest.xml:157:13-49
	android:windowSoftInputMode
		ADDED from src\main\AndroidManifest.xml:158:13-72
	android:name
		ADDED from src\main\AndroidManifest.xml:156:13-60
activity#com.aotuo.vegetable.act.CollectClassicActivity
ADDED from src\main\AndroidManifest.xml:159:9-161:61
	android:screenOrientation
		ADDED from src\main\AndroidManifest.xml:161:13-49
	android:name
		ADDED from src\main\AndroidManifest.xml:160:13-74
activity#com.aotuo.vegetable.act.CreateGoods
ADDED from src\main\AndroidManifest.xml:162:9-164:61
	android:screenOrientation
		ADDED from src\main\AndroidManifest.xml:164:13-49
	android:name
		ADDED from src\main\AndroidManifest.xml:163:13-63
activity#com.aotuo.vegetable.act.CustomerActivity
ADDED from src\main\AndroidManifest.xml:165:9-167:61
	android:screenOrientation
		ADDED from src\main\AndroidManifest.xml:167:13-49
	android:name
		ADDED from src\main\AndroidManifest.xml:166:13-68
activity#com.aotuo.vegetable.act.GoodsList
ADDED from src\main\AndroidManifest.xml:168:9-170:61
	android:screenOrientation
		ADDED from src\main\AndroidManifest.xml:170:13-49
	android:name
		ADDED from src\main\AndroidManifest.xml:169:13-61
activity#com.aotuo.vegetable.act.GetPicActivity
ADDED from src\main\AndroidManifest.xml:171:9-173:61
	android:screenOrientation
		ADDED from src\main\AndroidManifest.xml:173:13-49
	android:name
		ADDED from src\main\AndroidManifest.xml:172:13-66
activity#com.aotuo.vegetable.act.MainActivity
ADDED from src\main\AndroidManifest.xml:177:9-180:84
	android:screenOrientation
		ADDED from src\main\AndroidManifest.xml:179:13-49
	android:windowSoftInputMode
		ADDED from src\main\AndroidManifest.xml:180:13-72
	android:name
		ADDED from src\main\AndroidManifest.xml:178:13-45
activity#com.aotuo.vegetable.act.CustomerListActivity
ADDED from src\main\AndroidManifest.xml:182:9-185:84
	android:screenOrientation
		ADDED from src\main\AndroidManifest.xml:184:13-49
	android:windowSoftInputMode
		ADDED from src\main\AndroidManifest.xml:185:13-72
	android:name
		ADDED from src\main\AndroidManifest.xml:183:13-53
activity#com.aotuo.vegetable.act.MyCenterActivity
ADDED from src\main\AndroidManifest.xml:187:9-190:84
	android:screenOrientation
		ADDED from src\main\AndroidManifest.xml:189:13-49
	android:windowSoftInputMode
		ADDED from src\main\AndroidManifest.xml:190:13-72
	android:name
		ADDED from src\main\AndroidManifest.xml:188:13-49
activity#com.aotuo.vegetable.act.ForgetPwdActivity
ADDED from src\main\AndroidManifest.xml:192:9-195:84
	android:screenOrientation
		ADDED from src\main\AndroidManifest.xml:194:13-49
	android:windowSoftInputMode
		ADDED from src\main\AndroidManifest.xml:195:13-72
	android:name
		ADDED from src\main\AndroidManifest.xml:193:13-50
activity#com.aotuo.vegetable.hx.ChatActivity
ADDED from src\main\AndroidManifest.xml:197:9-200:84
	android:screenOrientation
		ADDED from src\main\AndroidManifest.xml:199:13-49
	android:windowSoftInputMode
		ADDED from src\main\AndroidManifest.xml:200:13-72
	android:name
		ADDED from src\main\AndroidManifest.xml:198:13-44
activity#com.aotuo.vegetable.act.ContactListActivity
ADDED from src\main\AndroidManifest.xml:202:9-205:84
	android:screenOrientation
		ADDED from src\main\AndroidManifest.xml:204:13-49
	android:windowSoftInputMode
		ADDED from src\main\AndroidManifest.xml:205:13-72
	android:name
		ADDED from src\main\AndroidManifest.xml:203:13-52
activity#com.aotuo.vegetable.act.WebPageActivity
ADDED from src\main\AndroidManifest.xml:207:9-209:61
	android:screenOrientation
		ADDED from src\main\AndroidManifest.xml:209:13-49
	android:name
		ADDED from src\main\AndroidManifest.xml:208:13-48
activity#com.aotuo.vegetable.act.NewsMainActivity
ADDED from src\main\AndroidManifest.xml:211:9-213:61
	android:screenOrientation
		ADDED from src\main\AndroidManifest.xml:213:13-49
	android:name
		ADDED from src\main\AndroidManifest.xml:212:13-49
activity#com.aotuo.vegetable.act.NewsCenterActivity
ADDED from src\main\AndroidManifest.xml:215:9-217:61
	android:screenOrientation
		ADDED from src\main\AndroidManifest.xml:217:13-49
	android:name
		ADDED from src\main\AndroidManifest.xml:216:13-51
activity#com.aotuo.vegetable.act.ShowCodeActivity
ADDED from src\main\AndroidManifest.xml:219:9-221:61
	android:screenOrientation
		ADDED from src\main\AndroidManifest.xml:221:13-49
	android:name
		ADDED from src\main\AndroidManifest.xml:220:13-49
activity#com.aotuo.vegetable.act.PayInfoActivity
ADDED from src\main\AndroidManifest.xml:223:9-225:61
	android:screenOrientation
		ADDED from src\main\AndroidManifest.xml:225:13-49
	android:name
		ADDED from src\main\AndroidManifest.xml:224:13-48
activity#com.aotuo.vegetable.view.crop.CropActivity
ADDED from src\main\AndroidManifest.xml:227:9-229:61
	android:screenOrientation
		ADDED from src\main\AndroidManifest.xml:229:13-49
	android:name
		ADDED from src\main\AndroidManifest.xml:228:13-51
service#com.aotuo.vegetable.hx.HXService
ADDED from src\main\AndroidManifest.xml:231:9-49
	android:name
		ADDED from src\main\AndroidManifest.xml:231:18-46
receiver#com.aotuo.vegetable.util.NewsBroadcastReceiver
ADDED from src\main\AndroidManifest.xml:233:9-239:20
	android:exported
		ADDED from src\main\AndroidManifest.xml:235:13-37
	android:name
		ADDED from src\main\AndroidManifest.xml:234:13-55
intent-filter#servers.alla.news
ADDED from src\main\AndroidManifest.xml:236:13-238:29
action#servers.alla.news
ADDED from src\main\AndroidManifest.xml:237:17-60
	android:name
		ADDED from src\main\AndroidManifest.xml:237:25-57
receiver#com.aotuo.vegetable.util.ReLoginReceiver
ADDED from src\main\AndroidManifest.xml:241:9-247:20
	android:exported
		ADDED from src\main\AndroidManifest.xml:243:13-37
	android:name
		ADDED from src\main\AndroidManifest.xml:242:13-49
intent-filter#aotuo.relogin
ADDED from src\main\AndroidManifest.xml:244:13-246:29
action#aotuo.relogin
ADDED from src\main\AndroidManifest.xml:245:17-56
	android:name
		ADDED from src\main\AndroidManifest.xml:245:25-53
activity#com.aotuo.vegetable.act.NoCamera
ADDED from src\main\AndroidManifest.xml:251:9-253:52
	android:screenOrientation
		ADDED from src\main\AndroidManifest.xml:253:13-49
	android:name
		ADDED from src\main\AndroidManifest.xml:252:13-41
uses-permission#android.permission.FLASHLIGHT
ADDED from [FarmSeller:zXingDemo:unspecified] AndroidManifest.xml:18:5-69
	android:name
		ADDED from [FarmSeller:zXingDemo:unspecified] AndroidManifest.xml:18:22-66
activity#com.aotcap.zxing.test.CaptureActivity
ADDED from [FarmSeller:zXingDemo:unspecified] AndroidManifest.xml:23:9-29:20
	android:screenOrientation
		ADDED from [FarmSeller:zXingDemo:unspecified] AndroidManifest.xml:26:13-49
	android:windowSoftInputMode
		ADDED from [FarmSeller:zXingDemo:unspecified] AndroidManifest.xml:28:13-60
	android:configChanges
		ADDED from [FarmSeller:zXingDemo:unspecified] AndroidManifest.xml:25:13-63
	android:theme
		ADDED from [FarmSeller:zXingDemo:unspecified] AndroidManifest.xml:27:13-71
	android:name
		ADDED from [FarmSeller:zXingDemo:unspecified] AndroidManifest.xml:24:13-65
activity#lecho.lib.hellocharts.samples.MainActivity
ADDED from [FarmSeller:hellocharts-samples:unspecified] AndroidManifest.xml:16:9-19:20
	android:label
		ADDED from [FarmSeller:hellocharts-samples:unspecified] AndroidManifest.xml:18:13-45
	android:name
		ADDED from [FarmSeller:hellocharts-samples:unspecified] AndroidManifest.xml:17:13-70
activity#lecho.lib.hellocharts.samples.LineChartActivity
ADDED from [FarmSeller:hellocharts-samples:unspecified] AndroidManifest.xml:20:9-23:20
	android:label
		ADDED from [FarmSeller:hellocharts-samples:unspecified] AndroidManifest.xml:22:13-62
	android:name
		ADDED from [FarmSeller:hellocharts-samples:unspecified] AndroidManifest.xml:21:13-75
activity#lecho.lib.hellocharts.samples.ColumnChartActivity
ADDED from [FarmSeller:hellocharts-samples:unspecified] AndroidManifest.xml:24:9-27:20
	android:label
		ADDED from [FarmSeller:hellocharts-samples:unspecified] AndroidManifest.xml:26:13-64
	android:name
		ADDED from [FarmSeller:hellocharts-samples:unspecified] AndroidManifest.xml:25:13-77
activity#lecho.lib.hellocharts.samples.PieChartActivity
ADDED from [FarmSeller:hellocharts-samples:unspecified] AndroidManifest.xml:28:9-31:20
	android:label
		ADDED from [FarmSeller:hellocharts-samples:unspecified] AndroidManifest.xml:30:13-61
	android:name
		ADDED from [FarmSeller:hellocharts-samples:unspecified] AndroidManifest.xml:29:13-74
activity#lecho.lib.hellocharts.samples.BubbleChartActivity
ADDED from [FarmSeller:hellocharts-samples:unspecified] AndroidManifest.xml:32:9-35:20
	android:label
		ADDED from [FarmSeller:hellocharts-samples:unspecified] AndroidManifest.xml:34:13-64
	android:name
		ADDED from [FarmSeller:hellocharts-samples:unspecified] AndroidManifest.xml:33:13-77
activity#lecho.lib.hellocharts.samples.PreviewLineChartActivity
ADDED from [FarmSeller:hellocharts-samples:unspecified] AndroidManifest.xml:36:9-39:20
	android:label
		ADDED from [FarmSeller:hellocharts-samples:unspecified] AndroidManifest.xml:38:13-70
	android:name
		ADDED from [FarmSeller:hellocharts-samples:unspecified] AndroidManifest.xml:37:13-82
activity#lecho.lib.hellocharts.samples.PreviewColumnChartActivity
ADDED from [FarmSeller:hellocharts-samples:unspecified] AndroidManifest.xml:40:9-43:20
	android:label
		ADDED from [FarmSeller:hellocharts-samples:unspecified] AndroidManifest.xml:42:13-72
	android:name
		ADDED from [FarmSeller:hellocharts-samples:unspecified] AndroidManifest.xml:41:13-84
activity#lecho.lib.hellocharts.samples.ComboLineColumnChartActivity
ADDED from [FarmSeller:hellocharts-samples:unspecified] AndroidManifest.xml:44:9-47:20
	android:label
		ADDED from [FarmSeller:hellocharts-samples:unspecified] AndroidManifest.xml:46:13-75
	android:name
		ADDED from [FarmSeller:hellocharts-samples:unspecified] AndroidManifest.xml:45:13-86
activity#lecho.lib.hellocharts.samples.LineColumnDependencyActivity
ADDED from [FarmSeller:hellocharts-samples:unspecified] AndroidManifest.xml:48:9-51:20
	android:label
		ADDED from [FarmSeller:hellocharts-samples:unspecified] AndroidManifest.xml:50:13-74
	android:name
		ADDED from [FarmSeller:hellocharts-samples:unspecified] AndroidManifest.xml:49:13-86
activity#lecho.lib.hellocharts.samples.GoodBadChartActivity
ADDED from [FarmSeller:hellocharts-samples:unspecified] AndroidManifest.xml:52:9-55:20
	android:label
		ADDED from [FarmSeller:hellocharts-samples:unspecified] AndroidManifest.xml:54:13-60
	android:name
		ADDED from [FarmSeller:hellocharts-samples:unspecified] AndroidManifest.xml:53:13-78
activity#lecho.lib.hellocharts.samples.TempoChartActivity
ADDED from [FarmSeller:hellocharts-samples:unspecified] AndroidManifest.xml:56:9-59:20
	android:label
		ADDED from [FarmSeller:hellocharts-samples:unspecified] AndroidManifest.xml:58:13-63
	android:name
		ADDED from [FarmSeller:hellocharts-samples:unspecified] AndroidManifest.xml:57:13-76
activity#lecho.lib.hellocharts.samples.SpeedChartActivity
ADDED from [FarmSeller:hellocharts-samples:unspecified] AndroidManifest.xml:60:9-63:20
	android:label
		ADDED from [FarmSeller:hellocharts-samples:unspecified] AndroidManifest.xml:62:13-63
	android:name
		ADDED from [FarmSeller:hellocharts-samples:unspecified] AndroidManifest.xml:61:13-76
activity#lecho.lib.hellocharts.samples.ViewPagerChartsActivity
ADDED from [FarmSeller:hellocharts-samples:unspecified] AndroidManifest.xml:64:9-67:20
	android:label
		ADDED from [FarmSeller:hellocharts-samples:unspecified] AndroidManifest.xml:66:13-69
	android:name
		ADDED from [FarmSeller:hellocharts-samples:unspecified] AndroidManifest.xml:65:13-81
activity#lecho.lib.hellocharts.samples.AboutActivity
ADDED from [FarmSeller:hellocharts-samples:unspecified] AndroidManifest.xml:68:9-71:20
	android:label
		ADDED from [FarmSeller:hellocharts-samples:unspecified] AndroidManifest.xml:70:13-57
	android:name
		ADDED from [FarmSeller:hellocharts-samples:unspecified] AndroidManifest.xml:69:13-71
uses-permission#android.permission.DISABLE_KEYGUARD
ADDED from [FarmSeller:appUpdateDemo:unspecified] AndroidManifest.xml:14:5-75
	android:name
		ADDED from [FarmSeller:appUpdateDemo:unspecified] AndroidManifest.xml:14:22-72
activity#com.example.appupdatedemo.SetActivity
ADDED from [FarmSeller:appUpdateDemo:unspecified] AndroidManifest.xml:32:9-35:20
	android:label
		ADDED from [FarmSeller:appUpdateDemo:unspecified] AndroidManifest.xml:34:13-45
	android:name
		ADDED from [FarmSeller:appUpdateDemo:unspecified] AndroidManifest.xml:33:13-65